<?xml version='1.0' encoding='UTF-8'?>
<testsuite hostname="DESKTOP-4M55DBE" name="rover.RoverSuite" tests="8" errors="0" failures="0" skipped="0" time="0.041" timestamp="2023-02-22T22:31:07">
          <properties>
[...]
</properties>
          <testcase classname="rover.RoverSuite" name="moveForward should change the position of the rover correctly within bounds" time="0.037">
                      
                    </testcase><testcase classname="rover.RoverSuite" name="moveForward should mark rover as lost if heading out of the grid" time="0.0">
                      
                    </testcase><testcase classname="rover.RoverSuite" name="Commands should return a lost rover with the same position" time="0.0">
                      
                    </testcase><testcase classname="rover.RoverSuite" name="testing isOutOfGrid function" time="0.001">
                      
                    </testcase><testcase classname="rover.RoverSuite" name="turnRight should rotate the rover correctly" time="0.001">
                      
                    </testcase><testcase classname="rover.RoverSuite" name="turnLeft should rotate the rover correctly" time="0.001">
                      
                    </testcase><testcase classname="rover.RoverSuite" name="movingOutOfBounds should return a correct boolean" time="0.0">
                      
                    </testcase><testcase classname="rover.RoverSuite" name="executeCommand should transform the state of the rover accordingly" time="0.001">
                      
                    </testcase>
          <system-out><![CDATA[]]></system-out>
          <system-err><![CDATA[]]></system-err>
        </testsuite>